2018-10-16 08:46:56,892 DEBUG [http-nio-5000-exec-1] DefaultListableBeanFactory: Returning cached instance of singleton bean 'delegatingApplicationListener'
2018-10-16 08:46:56,898 DEBUG [http-nio-5000-exec-1] HstsHeaderWriter: Not injecting HSTS header since it did not match the requestMatcher org.springframework.security.web.header.writers.HstsHeaderWriter$SecureRequestMatcher@242ba20c
2018-10-16 08:46:56,898 DEBUG [http-nio-5000-exec-1] HttpSessionSecurityContextRepository: SecurityContext is empty or contents are anonymous - context will not be stored in HttpSession.
2018-10-16 08:46:56,898 DEBUG [http-nio-5000-exec-1] SecurityContextPersistenceFilter: SecurityContextHolder now cleared, as request processing completed
2018-10-16 08:46:56,906 ERROR [http-nio-5000-exec-1] [dispatcherServlet]: Servlet.service() for servlet [dispatcherServlet] in context with path [/api] threw exception [Request processing failed; nested exception is java.lang.NullPointerException] with root cause
java.lang.NullPointerException: null
	at co.cpl.service.impl.ApiManagerImpl.getUsers(ApiManagerImpl.java:36)
	at co.cpl.service.impl.UserServiceImpl.getUsers(UserServiceImpl.java:24)
	at co.cpl.web.controller.APIController.getUsers(APIController.java:78)
	at co.cpl.api.generated.UserControllerDecorator.getUsers(UserControllerDecorator.java:44)
	at co.cpl.api.generated.UserControllerDecorator$$FastClassBySpringCGLIB$$4a59d7d0.invoke(<generated>)
	at org.springframework.cglib.proxy.MethodProxy.invoke(MethodProxy.java:204)
	at org.springframework.aop.framework.CglibAopProxy$CglibMethodInvocation.invokeJoinpoint(CglibAopProxy.java:746)
	at org.springframework.aop.framework.ReflectiveMethodInvocation.proceed(ReflectiveMethodInvocation.java:163)
	at org.springframework.validation.beanvalidation.MethodValidationInterceptor.invoke(MethodValidationInterceptor.java:112)
	at org.springframework.aop.framework.ReflectiveMethodInvocation.proceed(ReflectiveMethodInvocation.java:185)
	at org.springframework.aop.framework.CglibAopProxy$DynamicAdvisedInterceptor.intercept(CglibAopProxy.java:688)
	at co.cpl.api.generated.UserControllerDecorator$$EnhancerBySpringCGLIB$$f1e6e212.getUsers(<generated>)
	at sun.reflect.NativeMethodAccessorImpl.invoke0(Native Method)
	at sun.reflect.NativeMethodAccessorImpl.invoke(NativeMethodAccessorImpl.java:62)
	at sun.reflect.DelegatingMethodAccessorImpl.invoke(DelegatingMethodAccessorImpl.java:43)
	at java.lang.reflect.Method.invoke(Method.java:498)
	at org.springframework.web.method.support.InvocableHandlerMethod.doInvoke(InvocableHandlerMethod.java:209)
	at org.springframework.web.method.support.InvocableHandlerMethod.invokeForRequest(InvocableHandlerMethod.java:136)
	at org.springframework.web.servlet.mvc.method.annotation.ServletInvocableHandlerMethod.invokeAndHandle(ServletInvocableHandlerMethod.java:102)
	at org.springframework.web.servlet.mvc.method.annotation.RequestMappingHandlerAdapter.invokeHandlerMethod(RequestMappingHandlerAdapter.java:891)
	at org.springframework.web.servlet.mvc.method.annotation.RequestMappingHandlerAdapter.handleInternal(RequestMappingHandlerAdapter.java:797)
	at org.springframework.web.servlet.mvc.method.AbstractHandlerMethodAdapter.handle(AbstractHandlerMethodAdapter.java:87)
	at org.springframework.web.servlet.DispatcherServlet.doDispatch(DispatcherServlet.java:991)
	at org.springframework.web.servlet.DispatcherServlet.doService(DispatcherServlet.java:925)
	at org.springframework.web.servlet.FrameworkServlet.processRequest(FrameworkServlet.java:974)
	at org.springframework.web.servlet.FrameworkServlet.doGet(FrameworkServlet.java:866)
	at javax.servlet.http.HttpServlet.service(HttpServlet.java:635)
	at org.springframework.web.servlet.FrameworkServlet.service(FrameworkServlet.java:851)
	at javax.servlet.http.HttpServlet.service(HttpServlet.java:742)
	at org.apache.catalina.core.ApplicationFilterChain.internalDoFilter(ApplicationFilterChain.java:231)
	at org.apache.catalina.core.ApplicationFilterChain.doFilter(ApplicationFilterChain.java:166)
	at org.apache.tomcat.websocket.server.WsFilter.doFilter(WsFilter.java:52)
	at org.apache.catalina.core.ApplicationFilterChain.internalDoFilter(ApplicationFilterChain.java:193)
	at org.apache.catalina.core.ApplicationFilterChain.doFilter(ApplicationFilterChain.java:166)
	at org.springframework.security.web.FilterChainProxy$VirtualFilterChain.doFilter(FilterChainProxy.java:320)
	at org.springframework.security.web.access.intercept.FilterSecurityInterceptor.invoke(FilterSecurityInterceptor.java:127)
	at org.springframework.security.web.access.intercept.FilterSecurityInterceptor.doFilter(FilterSecurityInterceptor.java:91)
	at org.springframework.security.web.FilterChainProxy$VirtualFilterChain.doFilter(FilterChainProxy.java:334)
	at org.springframework.security.web.access.ExceptionTranslationFilter.doFilter(ExceptionTranslationFilter.java:119)
	at org.springframework.security.web.FilterChainProxy$VirtualFilterChain.doFilter(FilterChainProxy.java:334)
	at org.springframework.security.web.session.SessionManagementFilter.doFilter(SessionManagementFilter.java:137)
	at org.springframework.security.web.FilterChainProxy$VirtualFilterChain.doFilter(FilterChainProxy.java:334)
	at org.springframework.security.web.authentication.AnonymousAuthenticationFilter.doFilter(AnonymousAuthenticationFilter.java:111)
	at org.springframework.security.web.FilterChainProxy$VirtualFilterChain.doFilter(FilterChainProxy.java:334)
	at org.springframework.security.web.servletapi.SecurityContextHolderAwareRequestFilter.doFilter(SecurityContextHolderAwareRequestFilter.java:170)
	at org.springframework.security.web.FilterChainProxy$VirtualFilterChain.doFilter(FilterChainProxy.java:334)
	at org.springframework.security.web.savedrequest.RequestCacheAwareFilter.doFilter(RequestCacheAwareFilter.java:63)
	at org.springframework.security.web.FilterChainProxy$VirtualFilterChain.doFilter(FilterChainProxy.java:334)
	at org.springframework.security.web.authentication.logout.LogoutFilter.doFilter(LogoutFilter.java:116)
	at org.springframework.security.web.FilterChainProxy$VirtualFilterChain.doFilter(FilterChainProxy.java:334)
	at org.springframework.security.web.header.HeaderWriterFilter.doFilterInternal(HeaderWriterFilter.java:66)
	at org.springframework.web.filter.OncePerRequestFilter.doFilter(OncePerRequestFilter.java:107)
	at org.springframework.security.web.FilterChainProxy$VirtualFilterChain.doFilter(FilterChainProxy.java:334)
	at org.springframework.security.web.context.SecurityContextPersistenceFilter.doFilter(SecurityContextPersistenceFilter.java:105)
	at org.springframework.security.web.FilterChainProxy$VirtualFilterChain.doFilter(FilterChainProxy.java:334)
	at org.springframework.security.web.context.request.async.WebAsyncManagerIntegrationFilter.doFilterInternal(WebAsyncManagerIntegrationFilter.java:56)
	at org.springframework.web.filter.OncePerRequestFilter.doFilter(OncePerRequestFilter.java:107)
	at org.springframework.security.web.FilterChainProxy$VirtualFilterChain.doFilter(FilterChainProxy.java:334)
	at org.springframework.security.web.FilterChainProxy.doFilterInternal(FilterChainProxy.java:215)
	at org.springframework.security.web.FilterChainProxy.doFilter(FilterChainProxy.java:178)
	at org.springframework.security.web.debug.DebugFilter.invokeWithWrappedRequest(DebugFilter.java:90)
	at org.springframework.security.web.debug.DebugFilter.doFilter(DebugFilter.java:77)
	at org.springframework.web.filter.DelegatingFilterProxy.invokeDelegate(DelegatingFilterProxy.java:357)
	at org.springframework.web.filter.DelegatingFilterProxy.doFilter(DelegatingFilterProxy.java:270)
	at org.apache.catalina.core.ApplicationFilterChain.internalDoFilter(ApplicationFilterChain.java:193)
	at org.apache.catalina.core.ApplicationFilterChain.doFilter(ApplicationFilterChain.java:166)
	at org.springframework.web.filter.CharacterEncodingFilter.doFilterInternal(CharacterEncodingFilter.java:200)
	at org.springframework.web.filter.OncePerRequestFilter.doFilter(OncePerRequestFilter.java:107)
	at org.apache.catalina.core.ApplicationFilterChain.internalDoFilter(ApplicationFilterChain.java:193)
	at org.apache.catalina.core.ApplicationFilterChain.doFilter(ApplicationFilterChain.java:166)
	at org.apache.catalina.core.StandardWrapperValve.invoke(StandardWrapperValve.java:198)
	at org.apache.catalina.core.StandardContextValve.invoke(StandardContextValve.java:96)
	at org.apache.catalina.authenticator.AuthenticatorBase.invoke(AuthenticatorBase.java:493)
	at org.apache.catalina.core.StandardHostValve.invoke(StandardHostValve.java:140)
	at org.apache.catalina.valves.ErrorReportValve.invoke(ErrorReportValve.java:81)
	at org.apache.catalina.core.StandardEngineValve.invoke(StandardEngineValve.java:87)
	at org.apache.catalina.connector.CoyoteAdapter.service(CoyoteAdapter.java:342)
	at org.apache.coyote.http11.Http11Processor.service(Http11Processor.java:800)
	at org.apache.coyote.AbstractProcessorLight.process(AbstractProcessorLight.java:66)
	at org.apache.coyote.AbstractProtocol$ConnectionHandler.process(AbstractProtocol.java:806)
	at org.apache.tomcat.util.net.NioEndpoint$SocketProcessor.doRun(NioEndpoint.java:1498)
	at org.apache.tomcat.util.net.SocketProcessorBase.run(SocketProcessorBase.java:49)
	at java.util.concurrent.ThreadPoolExecutor.runWorker(ThreadPoolExecutor.java:1149)
	at java.util.concurrent.ThreadPoolExecutor$Worker.run(ThreadPoolExecutor.java:624)
	at org.apache.tomcat.util.threads.TaskThread$WrappingRunnable.run(TaskThread.java:61)
	at java.lang.Thread.run(Thread.java:748)
2018-10-16 08:46:56,940 INFO  [Thread-5] AnnotationConfigServletWebServerApplicationContext: Closing org.springframework.boot.web.servlet.context.AnnotationConfigServletWebServerApplicationContext@1f53a5dc: startup date [Mon Oct 15 14:36:23 COT 2018]; root of context hierarchy
2018-10-16 08:46:56,941 DEBUG [Thread-5] DefaultListableBeanFactory: Returning cached instance of singleton bean 'delegatingApplicationListener'
2018-10-16 08:46:56,941 DEBUG [Thread-5] DefaultListableBeanFactory: Returning cached instance of singleton bean 'lifecycleProcessor'
2018-10-16 08:46:56,942 DEBUG [Thread-5] DefaultListableBeanFactory: Destroying singletons in org.springframework.beans.factory.support.DefaultListableBeanFactory@767e20cf: defining beans [org.springframework.context.annotation.internalConfigurationAnnotationProcessor,org.springframework.context.annotation.internalAutowiredAnnotationProcessor,org.springframework.context.annotation.internalRequiredAnnotationProcessor,org.springframework.context.annotation.internalCommonAnnotationProcessor,org.springframework.context.event.internalEventListenerProcessor,org.springframework.context.event.internalEventListenerFactory,springBootController,org.springframework.boot.autoconfigure.internalCachingMetadataReaderFactory,APIController,consoleControllerDecorator,helloControllerDecorator,userControllerDecorator,securityConfig,exceptionControllerAdvice,apiManagerImpl,helloServiceImpl,userServiceImpl,baseValidator,loadRequestValidator,webMvcConfig,org.springframework.security.config.annotation.configuration.ObjectPostProcessorConfiguration,objectPostProcessor,org.springframework.security.config.annotation.authentication.configuration.AuthenticationConfiguration,authenticationManagerBuilder,enableGlobalAuthenticationAutowiredConfigurer,initializeUserDetailsBeanManagerConfigurer,initializeAuthenticationProviderBeanManagerConfigurer,org.springframework.security.config.annotation.web.configuration.WebSecurityConfiguration,delegatingApplicationListener,webSecurityExpressionHandler,springSecurityFilterChain,privilegeEvaluator,autowiredWebSecurityConfigurersIgnoreParents,org.springframework.security.config.annotation.web.configuration.WebMvcSecurityConfiguration,requestDataValueProcessor,org.springframework.security.config.annotation.method.configuration.GlobalMethodSecurityConfiguration,methodSecurityInterceptor,methodSecurityMetadataSource,preInvocationAuthorizationAdvice,metaDataSourceAdvisor,org.springframework.aop.config.internalAutoProxyCreator,org.springframework.web.servlet.config.annotation.DelegatingWebMvcConfiguration,requestMappingHandlerMapping,mvcPathMatcher,mvcUrlPathHelper,mvcContentNegotiationManager,viewControllerHandlerMapping,beanNameHandlerMapping,resourceHandlerMapping,mvcResourceUrlProvider,defaultServletHandlerMapping,requestMappingHandlerAdapter,mvcConversionService,mvcValidator,mvcUriComponentsContributor,httpRequestHandlerAdapter,simpleControllerHandlerAdapter,handlerExceptionResolver,mvcViewResolver,mvcHandlerMappingIntrospector,co.cpl.config.ApplicationConfig,errorProperties,pm,org.springframework.boot.autoconfigure.AutoConfigurationPackages,org.springframework.boot.autoconfigure.context.PropertyPlaceholderAutoConfiguration,org.springframework.boot.autoconfigure.condition.BeanTypeRegistry,propertySourcesPlaceholderConfigurer,org.springframework.boot.autoconfigure.websocket.servlet.WebSocketServletAutoConfiguration$TomcatWebSocketConfiguration,websocketContainerCustomizer,org.springframework.boot.autoconfigure.websocket.servlet.WebSocketServletAutoConfiguration,org.springframework.boot.autoconfigure.web.servlet.ServletWebServerFactoryConfiguration$EmbeddedTomcat,tomcatServletWebServerFactory,org.springframework.boot.autoconfigure.web.servlet.ServletWebServerFactoryAutoConfiguration,servletWebServerFactoryCustomizer,tomcatServletWebServerFactoryCustomizer,server-org.springframework.boot.autoconfigure.web.ServerProperties,org.springframework.boot.context.properties.ConfigurationPropertiesBindingPostProcessor,org.springframework.boot.context.properties.ConfigurationBeanFactoryMetadata,webServerFactoryCustomizerBeanPostProcessor,errorPageRegistrarBeanPostProcessor,org.springframework.boot.autoconfigure.web.servlet.DispatcherServletAutoConfiguration$DispatcherServletConfiguration,dispatcherServlet,spring.mvc-org.springframework.boot.autoconfigure.web.servlet.WebMvcProperties,org.springframework.boot.autoconfigure.web.servlet.DispatcherServletAutoConfiguration$DispatcherServletRegistrationConfiguration,dispatcherServletRegistration,org.springframework.boot.autoconfigure.web.servlet.DispatcherServletAutoConfiguration,org.springframework.boot.autoconfigure.validation.ValidationAutoConfiguration,defaultValidator,methodValidationPostProcessor,org.springframework.boot.autoconfigure.web.servlet.error.ErrorMvcAutoConfiguration$WhitelabelErrorViewConfiguration,error,beanNameViewResolver,org.springframework.boot.autoconfigure.web.servlet.error.ErrorMvcAutoConfiguration$DefaultErrorViewResolverConfiguration,conventionErrorViewResolver,org.springframework.boot.autoconfigure.web.servlet.error.ErrorMvcAutoConfiguration,errorAttributes,basicErrorController,errorPageCustomizer,preserveErrorControllerTargetClassPostProcessor,spring.resources-org.springframework.boot.autoconfigure.web.ResourceProperties,org.springframework.boot.autoconfigure.jmx.JmxAutoConfiguration,mbeanExporter,objectNamingStrategy,mbeanServer,org.springframework.boot.autoconfigure.context.ConfigurationPropertiesAutoConfiguration,org.springframework.boot.autoconfigure.jackson.JacksonAutoConfiguration$Jackson2ObjectMapperBuilderCustomizerConfiguration,standardJacksonObjectMapperBuilderCustomizer,spring.jackson-org.springframework.boot.autoconfigure.jackson.JacksonProperties,org.springframework.boot.autoconfigure.jackson.JacksonAutoConfiguration$JacksonObjectMapperBuilderConfiguration,jacksonObjectMapperBuilder,org.springframework.boot.autoconfigure.jackson.JacksonAutoConfiguration$ParameterNamesModuleConfiguration,parameterNamesModule,org.springframework.boot.autoconfigure.jackson.JacksonAutoConfiguration$JacksonObjectMapperConfiguration,jacksonObjectMapper,org.springframework.boot.autoconfigure.jackson.JacksonAutoConfiguration,jsonComponentModule,org.springframework.boot.autoconfigure.http.HttpMessageConvertersAutoConfiguration$StringHttpMessageConverterConfiguration,stringHttpMessageConverter,spring.http.encoding-org.springframework.boot.autoconfigure.http.HttpEncodingProperties,org.springframework.boot.autoconfigure.http.JacksonHttpMessageConvertersConfiguration$MappingJackson2HttpMessageConverterConfiguration,mappingJackson2HttpMessageConverter,org.springframework.boot.autoconfigure.http.JacksonHttpMessageConvertersConfiguration,org.springframework.boot.autoconfigure.http.HttpMessageConvertersAutoConfiguration,messageConverters,org.springframework.boot.autoconfigure.http.codec.CodecsAutoConfiguration$JacksonCodecConfiguration,jacksonCodecCustomizer,org.springframework.boot.autoconfigure.http.codec.CodecsAutoConfiguration,org.springframework.boot.autoconfigure.info.ProjectInfoAutoConfiguration,spring.info-org.springframework.boot.autoconfigure.info.ProjectInfoProperties,org.springframework.boot.autoconfigure.security.servlet.SecurityAutoConfiguration,authenticationEventPublisher,spring.security-org.springframework.boot.autoconfigure.security.SecurityProperties,org.springframework.boot.autoconfigure.security.servlet.SecurityFilterAutoConfiguration,securityFilterChainRegistration,org.springframework.boot.autoconfigure.security.servlet.SecurityRequestMatcherProviderAutoConfiguration,requestMatcherProvider,org.springframework.boot.autoconfigure.security.servlet.UserDetailsServiceAutoConfiguration,inMemoryUserDetailsManager,org.springframework.boot.autoconfigure.web.client.RestTemplateAutoConfiguration,restTemplateBuilder,org.springframework.boot.autoconfigure.web.embedded.EmbeddedWebServerFactoryCustomizerAutoConfiguration$TomcatWebServerFactoryCustomizerConfiguration,tomcatWebServerFactoryCustomizer,org.springframework.boot.autoconfigure.web.embedded.EmbeddedWebServerFactoryCustomizerAutoConfiguration,org.springframework.boot.autoconfigure.web.servlet.HttpEncodingAutoConfiguration,characterEncodingFilter,localeCharsetMappingsCustomizer,org.springframework.boot.autoconfigure.web.servlet.MultipartAutoConfiguration,multipartConfigElement,multipartResolver,spring.servlet.multipart-org.springframework.boot.autoconfigure.web.servlet.MultipartProperties]; root of factory hierarchy
2018-10-16 08:46:56,943 INFO  [http-nio-5000-exec-1] Spring Security Debugger: 

************************************************************

Request received for GET '/error':

org.apache.catalina.core.ApplicationHttpRequest@2835a089

servletPath:/error
pathInfo:null
headers: 
host: localhost:5000
connection: keep-alive
cache-control: no-cache
x-postman-interceptor-id: f4564b30-0146-9742-24b0-f418725f802e
user-agent: Mozilla/5.0 (X11; Linux x86_64) AppleWebKit/537.36 (KHTML, like Gecko) Chrome/69.0.3497.81 Safari/537.36
postman-token: b457d3c9-2373-b125-f624-016ac7ad0c50
accept: */*
accept-encoding: gzip, deflate, br
accept-language: es-US,es;q=0.9,es-419;q=0.8,en;q=0.7
cookie: defaultLocale=en; currency=CAD; JSESSIONID=C01295EE634F909302A20BD51309F3C9


Security filter chain: [
  WebAsyncManagerIntegrationFilter
  SecurityContextPersistenceFilter
  HeaderWriterFilter
  LogoutFilter
  RequestCacheAwareFilter
  SecurityContextHolderAwareRequestFilter
  AnonymousAuthenticationFilter
  SessionManagementFilter
  ExceptionTranslationFilter
  FilterSecurityInterceptor
]


************************************************************


2018-10-16 08:46:56,943 DEBUG [Thread-5] DisposableBeanAdapter: Invoking destroy() on bean with name 'mbeanExporter'
2018-10-16 08:46:56,943 INFO  [Thread-5] AnnotationMBeanExporter: Unregistering JMX-exposed beans on shutdown
2018-10-16 08:46:56,943 DEBUG [http-nio-5000-exec-1] FilterChainProxy: /error at position 1 of 10 in additional filter chain; firing Filter: 'WebAsyncManagerIntegrationFilter'
2018-10-16 08:46:56,943 DEBUG [http-nio-5000-exec-1] FilterChainProxy: /error at position 2 of 10 in additional filter chain; firing Filter: 'SecurityContextPersistenceFilter'
2018-10-16 08:46:56,943 DEBUG [http-nio-5000-exec-1] HttpSessionSecurityContextRepository: No HttpSession currently exists
2018-10-16 08:46:56,943 DEBUG [http-nio-5000-exec-1] HttpSessionSecurityContextRepository: No SecurityContext was available from the HttpSession: null. A new one will be created.
2018-10-16 08:46:56,943 DEBUG [http-nio-5000-exec-1] FilterChainProxy: /error at position 3 of 10 in additional filter chain; firing Filter: 'HeaderWriterFilter'
2018-10-16 08:46:56,943 DEBUG [http-nio-5000-exec-1] FilterChainProxy: /error at position 4 of 10 in additional filter chain; firing Filter: 'LogoutFilter'
2018-10-16 08:46:56,943 DEBUG [http-nio-5000-exec-1] OrRequestMatcher: Trying to match using Ant [pattern='/logout', GET]
2018-10-16 08:46:56,943 DEBUG [http-nio-5000-exec-1] AntPathRequestMatcher: Checking match of request : '/error'; against '/logout'
2018-10-16 08:46:56,943 DEBUG [http-nio-5000-exec-1] OrRequestMatcher: Trying to match using Ant [pattern='/logout', POST]
2018-10-16 08:46:56,943 DEBUG [http-nio-5000-exec-1] AntPathRequestMatcher: Request 'GET /error' doesn't match 'POST /logout
2018-10-16 08:46:56,943 DEBUG [http-nio-5000-exec-1] OrRequestMatcher: Trying to match using Ant [pattern='/logout', PUT]
2018-10-16 08:46:56,943 DEBUG [http-nio-5000-exec-1] AntPathRequestMatcher: Request 'GET /error' doesn't match 'PUT /logout
2018-10-16 08:46:56,943 DEBUG [http-nio-5000-exec-1] OrRequestMatcher: Trying to match using Ant [pattern='/logout', DELETE]
2018-10-16 08:46:56,943 DEBUG [http-nio-5000-exec-1] AntPathRequestMatcher: Request 'GET /error' doesn't match 'DELETE /logout
2018-10-16 08:46:56,943 DEBUG [http-nio-5000-exec-1] OrRequestMatcher: No matches found
2018-10-16 08:46:56,943 DEBUG [http-nio-5000-exec-1] FilterChainProxy: /error at position 5 of 10 in additional filter chain; firing Filter: 'RequestCacheAwareFilter'
2018-10-16 08:46:56,943 DEBUG [http-nio-5000-exec-1] FilterChainProxy: /error at position 6 of 10 in additional filter chain; firing Filter: 'SecurityContextHolderAwareRequestFilter'
2018-10-16 08:46:56,943 DEBUG [http-nio-5000-exec-1] FilterChainProxy: /error at position 7 of 10 in additional filter chain; firing Filter: 'AnonymousAuthenticationFilter'
2018-10-16 08:46:56,943 DEBUG [http-nio-5000-exec-1] AnonymousAuthenticationFilter: Populated SecurityContextHolder with anonymous token: 'org.springframework.security.authentication.AnonymousAuthenticationToken@af402baf: Principal: anonymousUser; Credentials: [PROTECTED]; Authenticated: true; Details: org.springframework.security.web.authentication.WebAuthenticationDetails@b364: RemoteIpAddress: 0:0:0:0:0:0:0:1; SessionId: null; Granted Authorities: ROLE_ANONYMOUS'
2018-10-16 08:46:56,943 DEBUG [http-nio-5000-exec-1] FilterChainProxy: /error at position 8 of 10 in additional filter chain; firing Filter: 'SessionManagementFilter'
2018-10-16 08:46:56,943 DEBUG [http-nio-5000-exec-1] FilterChainProxy: /error at position 9 of 10 in additional filter chain; firing Filter: 'ExceptionTranslationFilter'
2018-10-16 08:46:56,943 DEBUG [http-nio-5000-exec-1] FilterChainProxy: /error at position 10 of 10 in additional filter chain; firing Filter: 'FilterSecurityInterceptor'
2018-10-16 08:46:56,943 DEBUG [http-nio-5000-exec-1] FilterChainProxy: /error reached end of additional filter chain; proceeding with original chain
2018-10-16 08:46:56,944 DEBUG [Thread-5] DisposableBeanAdapter: Invoking destroy() on bean with name 'defaultValidator'
2018-10-16 08:46:56,945 DEBUG [Thread-5] DefaultListableBeanFactory: Retrieved dependent beans for bean 'mvcValidator': [requestMappingHandlerAdapter]
2018-10-16 08:46:56,945 DEBUG [Thread-5] DefaultListableBeanFactory: Retrieved dependent beans for bean 'requestMappingHandlerAdapter': [mvcUriComponentsContributor]
2018-10-16 08:46:56,945 DEBUG [Thread-5] DisposableBeanAdapter: Invoking destroy() on bean with name 'mvcValidator'
2018-10-16 08:46:56,945 DEBUG [Thread-5] DefaultListableBeanFactory: Retrieved dependent beans for bean 'mvcResourceUrlProvider': [requestMappingHandlerMapping]
2018-10-16 08:46:56,945 DEBUG [Thread-5] DisposableBeanAdapter: Invoking destroy() on bean with name 'characterEncodingFilter'
2018-10-16 08:46:56,945 DEBUG [Thread-5] DefaultListableBeanFactory: Retrieved dependent beans for bean 'objectPostProcessor': [org.springframework.security.config.annotation.method.configuration.GlobalMethodSecurityConfiguration, securityConfig, org.springframework.security.config.annotation.authentication.configuration.AuthenticationConfiguration, authenticationManagerBuilder, org.springframework.security.config.annotation.web.configuration.WebSecurityConfiguration]
2018-10-16 08:46:56,945 DEBUG [Thread-5] DefaultListableBeanFactory: Retrieved dependent beans for bean 'authenticationManagerBuilder': [springSecurityFilterChain]
2018-10-16 08:46:56,945 DEBUG [Thread-5] DefaultListableBeanFactory: Retrieved dependent beans for bean 'springSecurityFilterChain': [webSecurityExpressionHandler, privilegeEvaluator]
2018-10-16 08:46:56,946 DEBUG [Thread-5] DisposableBeanAdapter: Invoking destroy() on bean with name 'objectPostProcessor'
2018-10-16 08:46:56,946 DEBUG [Thread-5] DefaultListableBeanFactory: Retrieved dependent beans for bean 'org.springframework.boot.autoconfigure.internalCachingMetadataReaderFactory': [org.springframework.context.annotation.internalConfigurationAnnotationProcessor]
2018-10-16 08:46:56,946 DEBUG [http-nio-5000-exec-1] DefaultListableBeanFactory: Creating shared instance of singleton bean 'basicErrorController'
2018-10-16 08:46:56,946 DEBUG [http-nio-5000-exec-1] DefaultListableBeanFactory: Creating instance of bean 'basicErrorController'
2018-10-16 08:46:56,946 DEBUG [http-nio-5000-exec-1] DefaultListableBeanFactory: Creating shared instance of singleton bean 'org.springframework.boot.autoconfigure.web.servlet.error.ErrorMvcAutoConfiguration'
2018-10-16 08:46:56,946 DEBUG [http-nio-5000-exec-1] DefaultListableBeanFactory: Creating instance of bean 'org.springframework.boot.autoconfigure.web.servlet.error.ErrorMvcAutoConfiguration'
2018-10-16 08:46:56,947 DEBUG [http-nio-5000-exec-1] DefaultListableBeanFactory: Creating shared instance of singleton bean 'server-org.springframework.boot.autoconfigure.web.ServerProperties'
2018-10-16 08:46:56,947 DEBUG [http-nio-5000-exec-1] DefaultListableBeanFactory: Creating instance of bean 'server-org.springframework.boot.autoconfigure.web.ServerProperties'
2018-10-16 08:46:56,947 DEBUG [http-nio-5000-exec-1] DefaultListableBeanFactory: Eagerly caching bean 'server-org.springframework.boot.autoconfigure.web.ServerProperties' to allow for resolving potential circular references
2018-10-16 08:46:56,953 DEBUG [http-nio-5000-exec-1] DefaultListableBeanFactory: Finished creating instance of bean 'server-org.springframework.boot.autoconfigure.web.ServerProperties'
2018-10-16 08:46:56,954 DEBUG [http-nio-5000-exec-1] DefaultListableBeanFactory: Creating shared instance of singleton bean 'dispatcherServletRegistration'
2018-10-16 08:46:56,954 DEBUG [http-nio-5000-exec-1] DefaultListableBeanFactory: Creating instance of bean 'dispatcherServletRegistration'
2018-10-16 08:46:56,954 DEBUG [http-nio-5000-exec-1] DefaultListableBeanFactory: Creating shared instance of singleton bean 'org.springframework.boot.autoconfigure.web.servlet.DispatcherServletAutoConfiguration$DispatcherServletRegistrationConfiguration'
2018-10-16 08:46:56,954 DEBUG [http-nio-5000-exec-1] DefaultListableBeanFactory: Creating instance of bean 'org.springframework.boot.autoconfigure.web.servlet.DispatcherServletAutoConfiguration$DispatcherServletRegistrationConfiguration'
2018-10-16 08:46:56,954 DEBUG [http-nio-5000-exec-1] DefaultListableBeanFactory: Returning cached instance of singleton bean 'server-org.springframework.boot.autoconfigure.web.ServerProperties'
2018-10-16 08:46:56,954 DEBUG [http-nio-5000-exec-1] DefaultListableBeanFactory: Creating shared instance of singleton bean 'spring.mvc-org.springframework.boot.autoconfigure.web.servlet.WebMvcProperties'
2018-10-16 08:46:56,954 DEBUG [http-nio-5000-exec-1] DefaultListableBeanFactory: Creating instance of bean 'spring.mvc-org.springframework.boot.autoconfigure.web.servlet.WebMvcProperties'
2018-10-16 08:46:56,955 DEBUG [http-nio-5000-exec-1] DefaultListableBeanFactory: Eagerly caching bean 'spring.mvc-org.springframework.boot.autoconfigure.web.servlet.WebMvcProperties' to allow for resolving potential circular references
2018-10-16 08:46:56,955 DEBUG [http-nio-5000-exec-1] DefaultListableBeanFactory: Finished creating instance of bean 'spring.mvc-org.springframework.boot.autoconfigure.web.servlet.WebMvcProperties'
2018-10-16 08:46:56,956 DEBUG [http-nio-5000-exec-1] DefaultListableBeanFactory: Eagerly caching bean 'org.springframework.boot.autoconfigure.web.servlet.DispatcherServletAutoConfiguration$DispatcherServletRegistrationConfiguration' to allow for resolving potential circular references
2018-10-16 08:46:56,956 DEBUG [http-nio-5000-exec-1] DefaultListableBeanFactory: Finished creating instance of bean 'org.springframework.boot.autoconfigure.web.servlet.DispatcherServletAutoConfiguration$DispatcherServletRegistrationConfiguration'
2018-10-16 08:46:56,956 DEBUG [http-nio-5000-exec-1] DefaultListableBeanFactory: Creating shared instance of singleton bean 'dispatcherServlet'
2018-10-16 08:46:56,956 DEBUG [http-nio-5000-exec-1] DefaultListableBeanFactory: Creating instance of bean 'dispatcherServlet'
2018-10-16 08:46:56,956 DEBUG [http-nio-5000-exec-1] DefaultListableBeanFactory: Creating shared instance of singleton bean 'org.springframework.boot.autoconfigure.web.servlet.DispatcherServletAutoConfiguration$DispatcherServletConfiguration'
2018-10-16 08:46:56,956 DEBUG [http-nio-5000-exec-1] DefaultListableBeanFactory: Creating instance of bean 'org.springframework.boot.autoconfigure.web.servlet.DispatcherServletAutoConfiguration$DispatcherServletConfiguration'
2018-10-16 08:46:56,956 DEBUG [http-nio-5000-exec-1] DefaultListableBeanFactory: Returning cached instance of singleton bean 'spring.mvc-org.springframework.boot.autoconfigure.web.servlet.WebMvcProperties'
2018-10-16 08:46:56,956 DEBUG [http-nio-5000-exec-1] DefaultListableBeanFactory: Eagerly caching bean 'org.springframework.boot.autoconfigure.web.servlet.DispatcherServletAutoConfiguration$DispatcherServletConfiguration' to allow for resolving potential circular references
2018-10-16 08:46:56,956 DEBUG [http-nio-5000-exec-1] DefaultListableBeanFactory: Finished creating instance of bean 'org.springframework.boot.autoconfigure.web.servlet.DispatcherServletAutoConfiguration$DispatcherServletConfiguration'
2018-10-16 08:46:56,957 DEBUG [http-nio-5000-exec-1] DefaultListableBeanFactory: Eagerly caching bean 'dispatcherServlet' to allow for resolving potential circular references
2018-10-16 08:46:56,957 DEBUG [http-nio-5000-exec-1] DefaultListableBeanFactory: Finished creating instance of bean 'dispatcherServlet'
2018-10-16 08:46:56,957 DEBUG [http-nio-5000-exec-1] DefaultListableBeanFactory: Eagerly caching bean 'dispatcherServletRegistration' to allow for resolving potential circular references
2018-10-16 08:46:56,957 DEBUG [http-nio-5000-exec-1] DefaultListableBeanFactory: Finished creating instance of bean 'dispatcherServletRegistration'
2018-10-16 08:46:56,957 DEBUG [http-nio-5000-exec-1] DefaultListableBeanFactory: Eagerly caching bean 'org.springframework.boot.autoconfigure.web.servlet.error.ErrorMvcAutoConfiguration' to allow for resolving potential circular references
2018-10-16 08:46:56,957 DEBUG [http-nio-5000-exec-1] DefaultListableBeanFactory: Finished creating instance of bean 'org.springframework.boot.autoconfigure.web.servlet.error.ErrorMvcAutoConfiguration'
2018-10-16 08:46:56,958 DEBUG [http-nio-5000-exec-1] DefaultListableBeanFactory: Creating shared instance of singleton bean 'errorAttributes'
2018-10-16 08:46:56,958 DEBUG [http-nio-5000-exec-1] DefaultListableBeanFactory: Creating instance of bean 'errorAttributes'
2018-10-16 08:46:56,958 DEBUG [http-nio-5000-exec-1] DefaultListableBeanFactory: Returning cached instance of singleton bean 'org.springframework.boot.autoconfigure.web.servlet.error.ErrorMvcAutoConfiguration'
2018-10-16 08:46:56,958 DEBUG [http-nio-5000-exec-1] DefaultListableBeanFactory: Eagerly caching bean 'errorAttributes' to allow for resolving potential circular references
2018-10-16 08:46:56,958 DEBUG [http-nio-5000-exec-1] DefaultListableBeanFactory: Finished creating instance of bean 'errorAttributes'
2018-10-16 08:46:56,958 DEBUG [http-nio-5000-exec-1] DefaultListableBeanFactory: Eagerly caching bean 'basicErrorController' to allow for resolving potential circular references
2018-10-16 08:46:56,959 DEBUG [http-nio-5000-exec-1] DefaultListableBeanFactory: Finished creating instance of bean 'basicErrorController'
2018-10-16 08:46:57,003 DEBUG [http-nio-5000-exec-1] HttpSessionSecurityContextRepository: SecurityContext is empty or contents are anonymous - context will not be stored in HttpSession.
2018-10-16 08:46:57,007 DEBUG [http-nio-5000-exec-1] ExceptionTranslationFilter: Chain processed normally
2018-10-16 08:46:57,007 DEBUG [http-nio-5000-exec-1] SecurityContextPersistenceFilter: SecurityContextHolder now cleared, as request processing completed
